{"/Users/santiagovelosa/Desktop/To-do-list/src/modules/storage.js": {"path":"/Users/santiagovelosa/Desktop/To-do-list/src/modules/storage.js","statementMap":{"0":{"start":{"line":2,"column":20},"end":{"line":11,"column":3}},"1":{"start":{"line":3,"column":16},"end":{"line":3,"column":18}},"2":{"start":{"line":5,"column":4},"end":{"line":7,"column":5}},"3":{"start":{"line":6,"column":6},"end":{"line":6,"column":19}},"4":{"start":{"line":9,"column":4},"end":{"line":9,"column":54}},"5":{"start":{"line":10,"column":4},"end":{"line":10,"column":17}},"6":{"start":{"line":13,"column":19},"end":{"line":17,"column":3}},"7":{"start":{"line":14,"column":18},"end":{"line":14,"column":34}},"8":{"start":{"line":15,"column":4},"end":{"line":15,"column":21}},"9":{"start":{"line":16,"column":4},"end":{"line":16,"column":57}},"10":{"start":{"line":19,"column":23},"end":{"line":29,"column":3}},"11":{"start":{"line":20,"column":18},"end":{"line":20,"column":34}},"12":{"start":{"line":21,"column":17},"end":{"line":21,"column":19}},"13":{"start":{"line":22,"column":4},"end":{"line":26,"column":7}},"14":{"start":{"line":23,"column":6},"end":{"line":25,"column":7}},"15":{"start":{"line":24,"column":8},"end":{"line":24,"column":65}},"16":{"start":{"line":24,"column":39},"end":{"line":24,"column":63}},"17":{"start":{"line":27,"column":4},"end":{"line":27,"column":62}},"18":{"start":{"line":27,"column":39},"end":{"line":27,"column":60}},"19":{"start":{"line":28,"column":4},"end":{"line":28,"column":58}}},"fnMap":{"0":{"name":"(anonymous_0)","decl":{"start":{"line":2,"column":20},"end":{"line":2,"column":21}},"loc":{"start":{"line":2,"column":26},"end":{"line":11,"column":3}},"line":2},"1":{"name":"(anonymous_1)","decl":{"start":{"line":13,"column":19},"end":{"line":13,"column":20}},"loc":{"start":{"line":13,"column":29},"end":{"line":17,"column":3}},"line":13},"2":{"name":"(anonymous_2)","decl":{"start":{"line":19,"column":23},"end":{"line":19,"column":24}},"loc":{"start":{"line":19,"column":41},"end":{"line":29,"column":3}},"line":19},"3":{"name":"(anonymous_3)","decl":{"start":{"line":22,"column":19},"end":{"line":22,"column":20}},"loc":{"start":{"line":22,"column":27},"end":{"line":26,"column":5}},"line":22},"4":{"name":"(anonymous_4)","decl":{"start":{"line":24,"column":31},"end":{"line":24,"column":32}},"loc":{"start":{"line":24,"column":39},"end":{"line":24,"column":63}},"line":24},"5":{"name":"(anonymous_5)","decl":{"start":{"line":27,"column":19},"end":{"line":27,"column":20}},"loc":{"start":{"line":27,"column":39},"end":{"line":27,"column":60}},"line":27}},"branchMap":{"0":{"loc":{"start":{"line":5,"column":4},"end":{"line":7,"column":5}},"type":"if","locations":[{"start":{"line":5,"column":4},"end":{"line":7,"column":5}},{"start":{},"end":{}}],"line":5},"1":{"loc":{"start":{"line":23,"column":6},"end":{"line":25,"column":7}},"type":"if","locations":[{"start":{"line":23,"column":6},"end":{"line":25,"column":7}},{"start":{},"end":{}}],"line":23}},"s":{"0":1,"1":2,"2":2,"3":1,"4":1,"5":1,"6":1,"7":1,"8":1,"9":1,"10":1,"11":0,"12":0,"13":0,"14":0,"15":0,"16":0,"17":0,"18":0,"19":0},"f":{"0":2,"1":1,"2":0,"3":0,"4":0,"5":0},"b":{"0":[1,1],"1":[0,0]},"_coverageSchema":"1a1c01bbd47fc00a2c39e90264f33305004495a9","hash":"997b65367e4d7659833dc40aaf72ac293b4e7b33"}
,"/Users/santiagovelosa/Desktop/To-do-list/src/modules/ui.js": {"path":"/Users/santiagovelosa/Desktop/To-do-list/src/modules/ui.js","statementMap":{"0":{"start":{"line":3,"column":23},"end":{"line":38,"column":3}},"1":{"start":{"line":4,"column":17},"end":{"line":4,"column":48}},"2":{"start":{"line":6,"column":17},"end":{"line":6,"column":45}},"3":{"start":{"line":7,"column":4},"end":{"line":7,"column":31}},"4":{"start":{"line":9,"column":21},"end":{"line":9,"column":52}},"5":{"start":{"line":10,"column":4},"end":{"line":10,"column":40}},"6":{"start":{"line":11,"column":4},"end":{"line":11,"column":31}},"7":{"start":{"line":12,"column":4},"end":{"line":12,"column":39}},"8":{"start":{"line":14,"column":21},"end":{"line":14,"column":48}},"9":{"start":{"line":15,"column":4},"end":{"line":15,"column":40}},"10":{"start":{"line":16,"column":4},"end":{"line":16,"column":40}},"11":{"start":{"line":17,"column":4},"end":{"line":17,"column":44}},"12":{"start":{"line":19,"column":21},"end":{"line":19,"column":48}},"13":{"start":{"line":20,"column":4},"end":{"line":20,"column":76}},"14":{"start":{"line":22,"column":22},"end":{"line":22,"column":49}},"15":{"start":{"line":23,"column":4},"end":{"line":23,"column":90}},"16":{"start":{"line":25,"column":4},"end":{"line":31,"column":5}},"17":{"start":{"line":26,"column":6},"end":{"line":26,"column":37}},"18":{"start":{"line":27,"column":6},"end":{"line":27,"column":40}},"19":{"start":{"line":28,"column":6},"end":{"line":28,"column":30}},"20":{"start":{"line":29,"column":6},"end":{"line":29,"column":41}},"21":{"start":{"line":30,"column":6},"end":{"line":30,"column":45}},"22":{"start":{"line":33,"column":4},"end":{"line":33,"column":27}},"23":{"start":{"line":34,"column":4},"end":{"line":34,"column":31}},"24":{"start":{"line":35,"column":4},"end":{"line":35,"column":31}},"25":{"start":{"line":36,"column":4},"end":{"line":36,"column":31}},"26":{"start":{"line":37,"column":4},"end":{"line":37,"column":32}},"27":{"start":{"line":40,"column":21},"end":{"line":46,"column":3}},"28":{"start":{"line":41,"column":17},"end":{"line":41,"column":19}},"29":{"start":{"line":42,"column":3},"end":{"line":42,"column":56}},"30":{"start":{"line":43,"column":20},"end":{"line":43,"column":54}},"31":{"start":{"line":44,"column":3},"end":{"line":44,"column":43}},"32":{"start":{"line":44,"column":28},"end":{"line":44,"column":41}},"33":{"start":{"line":45,"column":3},"end":{"line":45,"column":53}},"34":{"start":{"line":48,"column":26},"end":{"line":51,"column":3}},"35":{"start":{"line":49,"column":21},"end":{"line":49,"column":59}},"36":{"start":{"line":50,"column":2},"end":{"line":50,"column":72}},"37":{"start":{"line":50,"column":41},"end":{"line":50,"column":70}},"38":{"start":{"line":53,"column":24},"end":{"line":53,"column":56}},"39":{"start":{"line":53,"column":34},"end":{"line":53,"column":56}}},"fnMap":{"0":{"name":"(anonymous_0)","decl":{"start":{"line":3,"column":23},"end":{"line":3,"column":24}},"loc":{"start":{"line":3,"column":33},"end":{"line":38,"column":3}},"line":3},"1":{"name":"(anonymous_1)","decl":{"start":{"line":40,"column":21},"end":{"line":40,"column":22}},"loc":{"start":{"line":40,"column":27},"end":{"line":46,"column":3}},"line":40},"2":{"name":"(anonymous_2)","decl":{"start":{"line":44,"column":20},"end":{"line":44,"column":21}},"loc":{"start":{"line":44,"column":28},"end":{"line":44,"column":41}},"line":44},"3":{"name":"(anonymous_3)","decl":{"start":{"line":48,"column":26},"end":{"line":48,"column":27}},"loc":{"start":{"line":48,"column":32},"end":{"line":51,"column":3}},"line":48},"4":{"name":"(anonymous_4)","decl":{"start":{"line":50,"column":21},"end":{"line":50,"column":22}},"loc":{"start":{"line":50,"column":41},"end":{"line":50,"column":70}},"line":50},"5":{"name":"(anonymous_5)","decl":{"start":{"line":53,"column":24},"end":{"line":53,"column":25}},"loc":{"start":{"line":53,"column":34},"end":{"line":53,"column":56}},"line":53}},"branchMap":{"0":{"loc":{"start":{"line":25,"column":4},"end":{"line":31,"column":5}},"type":"if","locations":[{"start":{"line":25,"column":4},"end":{"line":31,"column":5}},{"start":{},"end":{}}],"line":25}},"s":{"0":1,"1":0,"2":0,"3":0,"4":0,"5":0,"6":0,"7":0,"8":0,"9":0,"10":0,"11":0,"12":0,"13":0,"14":0,"15":0,"16":0,"17":0,"18":0,"19":0,"20":0,"21":0,"22":0,"23":0,"24":0,"25":0,"26":0,"27":1,"28":0,"29":0,"30":0,"31":0,"32":0,"33":0,"34":1,"35":0,"36":0,"37":0,"38":1,"39":0},"f":{"0":0,"1":0,"2":0,"3":0,"4":0,"5":0},"b":{"0":[0,0]},"_coverageSchema":"1a1c01bbd47fc00a2c39e90264f33305004495a9","hash":"835d8e9f01783ad88efbca5aea9347c40acbe845"}
}
